  main.cpp
C:\Users\kolya\Desktop\CP\beamis\include\beamis.h(96,1): warning C4305: -=: усечение из "double" в "float"
C:\Users\kolya\Desktop\CP\beamis\include\beamis.h(97,1): warning C4305: +=: усечение из "double" в "float"
C:\Users\kolya\Desktop\CP\beamis\include\beamis.h(181,17): warning C4244: =: преобразование "float" в "int", возможна потеря данных
C:\Users\kolya\Desktop\CP\beamis\include\beamis.h(193,17): warning C4244: =: преобразование "float" в "int", возможна потеря данных
C:\Users\kolya\Desktop\CP\beamis\include\beamis.h(212,17): warning C4244: =: преобразование "float" в "int", возможна потеря данных
C:\Users\kolya\Desktop\CP\beamis\include\beamis.h(224,17): warning C4244: =: преобразование "float" в "int", возможна потеря данных
C:\Users\kolya\Desktop\CP\beamis\include\beamis.h(268,26): warning C4244: =: преобразование "int" в "float", возможна потеря данных
C:\Users\kolya\Desktop\CP\beamis\include\beamis.h(293,1): warning C4305: -=: усечение из "double" в "float"
C:\Users\kolya\Desktop\CP\beamis\include\beamis.h(294,1): warning C4305: +=: усечение из "double" в "float"
C:\Users\kolya\Desktop\CP\beamis\include\beamis.h(296,17): warning C4244: =: преобразование "float" в "int", возможна потеря данных
C:\Users\kolya\Desktop\CP\beamis\include\beamis.h(297,45): warning C4244: =: преобразование "float" в "int", возможна потеря данных
C:\Users\kolya\Desktop\CP\beamis\include\beamis.h(301,18): warning C4244: /=: преобразование "float" в "int", возможна потеря данных
C:\Users\kolya\Desktop\CP\beamis\include\beamis.h(306,32): warning C4244: =: преобразование "int" в "float", возможна потеря данных
C:\Users\kolya\Desktop\CP\beamis\include\beamis.h(307,32): warning C4244: =: преобразование "int" в "float", возможна потеря данных
C:\Users\kolya\Desktop\CP\beamis\include\beamis.h(308,32): warning C4244: =: преобразование "int" в "float", возможна потеря данных
C:\Users\kolya\Desktop\CP\beamis\include\beamis.h(349,16): warning C4244: инициализация: преобразование "float" в "int", возможна потеря данных
C:\Users\kolya\Desktop\CP\beamis\include\beamis.h(349,68): warning C4244: инициализация: преобразование "float" в "int", возможна потеря данных
C:\Users\kolya\Desktop\CP\beamis\include\beamis.h(350,16): warning C4244: инициализация: преобразование "float" в "int", возможна потеря данных
C:\Users\kolya\Desktop\CP\beamis\include\beamis.h(350,69): warning C4244: инициализация: преобразование "float" в "int", возможна потеря данных
C:\Users\kolya\Desktop\CP\beamis\include\beamis.h(358,120): warning C4244: аргумент: преобразование "float" в "uint32_t", возможна потеря данных
C:\Users\kolya\Desktop\CP\beamis\include\beamis.h(358,95): warning C4244: аргумент: преобразование "float" в "uint32_t", возможна потеря данных
C:\Users\kolya\Desktop\CP\beamis\include\beamis.h(358,70): warning C4244: аргумент: преобразование "float" в "uint32_t", возможна потеря данных
C:\Users\kolya\Desktop\CP\beamis\include\beamis.h(361,29): warning C4244: =: преобразование "double" в "float", возможна потеря данных
C:\Users\kolya\Desktop\CP\beamis\include\beamis.h(365,132): warning C4244: аргумент: преобразование "float" в "int", возможна потеря данных
C:\Users\kolya\Desktop\CP\beamis\include\beamis.h(365,85): warning C4244: аргумент: преобразование "float" в "int", возможна потеря данных
C:\Users\kolya\Desktop\CP\beamis\include\beamis.h(373,111): warning C4244: аргумент: преобразование "float" в "uint32_t", возможна потеря данных
C:\Users\kolya\Desktop\CP\beamis\include\beamis.h(373,86): warning C4244: аргумент: преобразование "float" в "uint32_t", возможна потеря данных
C:\Users\kolya\Desktop\CP\beamis\include\beamis.h(373,61): warning C4244: аргумент: преобразование "float" в "uint32_t", возможна потеря данных
C:\Users\kolya\Desktop\CP\beamis\include\beamis.h(381,42): warning C4244: =: преобразование "float" в "int", возможна потеря данных
C:\Users\kolya\Desktop\CP\beamis\include\beamis.h(392,16): warning C4244: инициализация: преобразование "int" в "float", возможна потеря данных
C:\Users\kolya\Desktop\CP\beamis\include\beamis.h(395,25): warning C4244: =: преобразование "float" в "int", возможна потеря данных
C:\Users\kolya\Desktop\CP\beamis\include\beamis.h(399,110): warning C4244: аргумент: преобразование "float" в "uint32_t", возможна потеря данных
C:\Users\kolya\Desktop\CP\beamis\include\beamis.h(399,85): warning C4244: аргумент: преобразование "float" в "uint32_t", возможна потеря данных
C:\Users\kolya\Desktop\CP\beamis\include\beamis.h(399,60): warning C4244: аргумент: преобразование "float" в "uint32_t", возможна потеря данных
C:\Users\kolya\Desktop\CP\beamis\include\beamis.h(404,28): warning C4244: =: преобразование "float" в "int", возможна потеря данных
C:\Users\kolya\Desktop\CP\beamis\include\beamis.h(407,15): warning C4244: инициализация: преобразование "float" в "int", возможна потеря данных
C:\Users\kolya\Desktop\CP\beamis\include\beamis.h(407,69): warning C4244: инициализация: преобразование "float" в "int", возможна потеря данных
C:\Users\kolya\Desktop\CP\beamis\include\beamis.h(408,12): warning C4244: инициализация: преобразование "float" в "int", возможна потеря данных
C:\Users\kolya\Desktop\CP\beamis\include\beamis.h(409,12): warning C4244: инициализация: преобразование "float" в "int", возможна потеря данных
C:\Users\kolya\Desktop\CP\beamis\include\beamis.h(411,14): warning C4244: инициализация: преобразование "float" в "int", возможна потеря данных
C:\Users\kolya\Desktop\CP\beamis\include\beamis.h(411,45): warning C4244: инициализация: преобразование "float" в "int", возможна потеря данных
C:\Users\kolya\Desktop\CP\beamis\include\beamis.h(415,18): warning C4244: =: преобразование "float" в "int", возможна потеря данных
C:\Users\kolya\Desktop\CP\beamis\include\beamis.h(416,18): warning C4244: =: преобразование "float" в "int", возможна потеря данных
C:\Users\kolya\Desktop\CP\beamis\include\beamis.h(422,92): warning C4244: аргумент: преобразование "float" в "uint32_t", возможна потеря данных
C:\Users\kolya\Desktop\CP\beamis\include\beamis.h(422,67): warning C4244: аргумент: преобразование "float" в "uint32_t", возможна потеря данных
C:\Users\kolya\Desktop\CP\beamis\include\beamis.h(422,42): warning C4244: аргумент: преобразование "float" в "uint32_t", возможна потеря данных
C:\Users\kolya\Desktop\CP\beamis\beamis\main.cpp(57,45): warning C4305: инициализация: усечение из "double" в "float"
C:\Users\kolya\Desktop\CP\beamis\beamis\main.cpp(81,20): warning C4305: инициализация: усечение из "double" в "float"
C:\Users\kolya\Desktop\CP\beamis\beamis\main.cpp(115,26): warning C4244: аргумент: преобразование "double" в "float", возможна потеря данных
C:\Users\kolya\Desktop\CP\beamis\beamis\main.cpp(116,26): warning C4244: аргумент: преобразование "double" в "float", возможна потеря данных
C:\Users\kolya\Desktop\CP\beamis\beamis\main.cpp(119,26): warning C4244: аргумент: преобразование "double" в "float", возможна потеря данных
C:\Users\kolya\Desktop\CP\beamis\beamis\main.cpp(120,26): warning C4244: аргумент: преобразование "double" в "float", возможна потеря данных
C:\Users\kolya\Desktop\CP\beamis\beamis\main.cpp(160,30): warning C4244: +=: преобразование "double" в "float", возможна потеря данных
  beamis.vcxproj -> C:\Users\kolya\Desktop\CP\beamis\x64\Debug\beamis.exe
